<?xml version="1.0" encoding="UTF-8"?>
<testsuite xmlns:xsi="http://www.w3.org/2001/XMLSchema-instance" xsi:noNamespaceSchemaLocation="https://maven.apache.org/surefire/maven-surefire-plugin/xsd/surefire-test-report.xsd" name="com.boxcat.core.AppTest" time="0.004" tests="1" errors="0" skipped="0" failures="0">
  <properties>
    <property name="sun.desktop" value="windows"/>
    <property name="awt.toolkit" value="sun.awt.windows.WToolkit"/>
    <property name="file.encoding.pkg" value="sun.io"/>
    <property name="java.specification.version" value="1.8"/>
    <property name="sun.cpu.isalist" value="amd64"/>
    <property name="sun.jnu.encoding" value="GBK"/>
    <property name="java.class.path" value="F:\workspace\boxcat\boxcat-core\target\test-classes;F:\workspace\boxcat\boxcat-core\target\classes;F:\maven\junit\junit\3.8.1\junit-3.8.1.jar;F:\maven\org\springframework\boot\spring-boot-starter-web\2.0.1.RELEASE\spring-boot-starter-web-2.0.1.RELEASE.jar;F:\maven\org\springframework\boot\spring-boot-starter\2.0.1.RELEASE\spring-boot-starter-2.0.1.RELEASE.jar;F:\maven\org\springframework\boot\spring-boot\2.0.1.RELEASE\spring-boot-2.0.1.RELEASE.jar;F:\maven\org\springframework\boot\spring-boot-autoconfigure\2.0.1.RELEASE\spring-boot-autoconfigure-2.0.1.RELEASE.jar;F:\maven\org\springframework\boot\spring-boot-starter-logging\2.0.1.RELEASE\spring-boot-starter-logging-2.0.1.RELEASE.jar;F:\maven\ch\qos\logback\logback-classic\1.2.3\logback-classic-1.2.3.jar;F:\maven\ch\qos\logback\logback-core\1.2.3\logback-core-1.2.3.jar;F:\maven\org\slf4j\slf4j-api\1.7.25\slf4j-api-1.7.25.jar;F:\maven\org\apache\logging\log4j\log4j-to-slf4j\2.10.0\log4j-to-slf4j-2.10.0.jar;F:\maven\org\apache\logging\log4j\log4j-api\2.10.0\log4j-api-2.10.0.jar;F:\maven\org\slf4j\jul-to-slf4j\1.7.25\jul-to-slf4j-1.7.25.jar;F:\maven\javax\annotation\javax.annotation-api\1.3.2\javax.annotation-api-1.3.2.jar;F:\maven\org\springframework\spring-core\5.0.5.RELEASE\spring-core-5.0.5.RELEASE.jar;F:\maven\org\springframework\spring-jcl\5.0.5.RELEASE\spring-jcl-5.0.5.RELEASE.jar;F:\maven\org\yaml\snakeyaml\1.19\snakeyaml-1.19.jar;F:\maven\org\springframework\boot\spring-boot-starter-json\2.0.1.RELEASE\spring-boot-starter-json-2.0.1.RELEASE.jar;F:\maven\com\fasterxml\jackson\core\jackson-databind\2.9.5\jackson-databind-2.9.5.jar;F:\maven\com\fasterxml\jackson\core\jackson-annotations\2.9.0\jackson-annotations-2.9.0.jar;F:\maven\com\fasterxml\jackson\core\jackson-core\2.9.5\jackson-core-2.9.5.jar;F:\maven\com\fasterxml\jackson\datatype\jackson-datatype-jdk8\2.9.5\jackson-datatype-jdk8-2.9.5.jar;F:\maven\com\fasterxml\jackson\datatype\jackson-datatype-jsr310\2.9.5\jackson-datatype-jsr310-2.9.5.jar;F:\maven\com\fasterxml\jackson\module\jackson-module-parameter-names\2.9.5\jackson-module-parameter-names-2.9.5.jar;F:\maven\org\springframework\boot\spring-boot-starter-tomcat\2.0.1.RELEASE\spring-boot-starter-tomcat-2.0.1.RELEASE.jar;F:\maven\org\apache\tomcat\embed\tomcat-embed-core\8.5.29\tomcat-embed-core-8.5.29.jar;F:\maven\org\apache\tomcat\embed\tomcat-embed-el\8.5.29\tomcat-embed-el-8.5.29.jar;F:\maven\org\apache\tomcat\embed\tomcat-embed-websocket\8.5.29\tomcat-embed-websocket-8.5.29.jar;F:\maven\org\hibernate\validator\hibernate-validator\6.0.9.Final\hibernate-validator-6.0.9.Final.jar;F:\maven\javax\validation\validation-api\2.0.1.Final\validation-api-2.0.1.Final.jar;F:\maven\org\jboss\logging\jboss-logging\3.3.2.Final\jboss-logging-3.3.2.Final.jar;F:\maven\com\fasterxml\classmate\1.3.4\classmate-1.3.4.jar;F:\maven\org\springframework\spring-web\5.0.5.RELEASE\spring-web-5.0.5.RELEASE.jar;F:\maven\org\springframework\spring-beans\5.0.5.RELEASE\spring-beans-5.0.5.RELEASE.jar;F:\maven\org\springframework\spring-webmvc\5.0.5.RELEASE\spring-webmvc-5.0.5.RELEASE.jar;F:\maven\org\springframework\spring-aop\5.0.5.RELEASE\spring-aop-5.0.5.RELEASE.jar;F:\maven\org\springframework\spring-context\5.0.5.RELEASE\spring-context-5.0.5.RELEASE.jar;F:\maven\org\springframework\spring-expression\5.0.5.RELEASE\spring-expression-5.0.5.RELEASE.jar;"/>
    <property name="java.vm.vendor" value="Oracle Corporation"/>
    <property name="sun.arch.data.model" value="64"/>
    <property name="user.variant" value=""/>
    <property name="java.vendor.url" value="http://java.oracle.com/"/>
    <property name="user.timezone" value=""/>
    <property name="java.vm.specification.version" value="1.8"/>
    <property name="os.name" value="Windows 7"/>
    <property name="user.country" value="CN"/>
    <property name="sun.java.launcher" value="SUN_STANDARD"/>
    <property name="sun.boot.library.path" value="F:\jdk1.8\jre\bin"/>
    <property name="sun.java.command" value="C:\Users\luochao\AppData\Local\Temp\surefire1847778741192932670\surefirebooter2577849218009273444.jar C:\Users\luochao\AppData\Local\Temp\surefire1847778741192932670 2019-03-15T19-21-05_646-jvmRun1 surefire3515296743095140046tmp surefire_05219674883306735309tmp"/>
    <property name="surefire.test.class.path" value="F:\workspace\boxcat\boxcat-core\target\test-classes;F:\workspace\boxcat\boxcat-core\target\classes;F:\maven\junit\junit\3.8.1\junit-3.8.1.jar;F:\maven\org\springframework\boot\spring-boot-starter-web\2.0.1.RELEASE\spring-boot-starter-web-2.0.1.RELEASE.jar;F:\maven\org\springframework\boot\spring-boot-starter\2.0.1.RELEASE\spring-boot-starter-2.0.1.RELEASE.jar;F:\maven\org\springframework\boot\spring-boot\2.0.1.RELEASE\spring-boot-2.0.1.RELEASE.jar;F:\maven\org\springframework\boot\spring-boot-autoconfigure\2.0.1.RELEASE\spring-boot-autoconfigure-2.0.1.RELEASE.jar;F:\maven\org\springframework\boot\spring-boot-starter-logging\2.0.1.RELEASE\spring-boot-starter-logging-2.0.1.RELEASE.jar;F:\maven\ch\qos\logback\logback-classic\1.2.3\logback-classic-1.2.3.jar;F:\maven\ch\qos\logback\logback-core\1.2.3\logback-core-1.2.3.jar;F:\maven\org\slf4j\slf4j-api\1.7.25\slf4j-api-1.7.25.jar;F:\maven\org\apache\logging\log4j\log4j-to-slf4j\2.10.0\log4j-to-slf4j-2.10.0.jar;F:\maven\org\apache\logging\log4j\log4j-api\2.10.0\log4j-api-2.10.0.jar;F:\maven\org\slf4j\jul-to-slf4j\1.7.25\jul-to-slf4j-1.7.25.jar;F:\maven\javax\annotation\javax.annotation-api\1.3.2\javax.annotation-api-1.3.2.jar;F:\maven\org\springframework\spring-core\5.0.5.RELEASE\spring-core-5.0.5.RELEASE.jar;F:\maven\org\springframework\spring-jcl\5.0.5.RELEASE\spring-jcl-5.0.5.RELEASE.jar;F:\maven\org\yaml\snakeyaml\1.19\snakeyaml-1.19.jar;F:\maven\org\springframework\boot\spring-boot-starter-json\2.0.1.RELEASE\spring-boot-starter-json-2.0.1.RELEASE.jar;F:\maven\com\fasterxml\jackson\core\jackson-databind\2.9.5\jackson-databind-2.9.5.jar;F:\maven\com\fasterxml\jackson\core\jackson-annotations\2.9.0\jackson-annotations-2.9.0.jar;F:\maven\com\fasterxml\jackson\core\jackson-core\2.9.5\jackson-core-2.9.5.jar;F:\maven\com\fasterxml\jackson\datatype\jackson-datatype-jdk8\2.9.5\jackson-datatype-jdk8-2.9.5.jar;F:\maven\com\fasterxml\jackson\datatype\jackson-datatype-jsr310\2.9.5\jackson-datatype-jsr310-2.9.5.jar;F:\maven\com\fasterxml\jackson\module\jackson-module-parameter-names\2.9.5\jackson-module-parameter-names-2.9.5.jar;F:\maven\org\springframework\boot\spring-boot-starter-tomcat\2.0.1.RELEASE\spring-boot-starter-tomcat-2.0.1.RELEASE.jar;F:\maven\org\apache\tomcat\embed\tomcat-embed-core\8.5.29\tomcat-embed-core-8.5.29.jar;F:\maven\org\apache\tomcat\embed\tomcat-embed-el\8.5.29\tomcat-embed-el-8.5.29.jar;F:\maven\org\apache\tomcat\embed\tomcat-embed-websocket\8.5.29\tomcat-embed-websocket-8.5.29.jar;F:\maven\org\hibernate\validator\hibernate-validator\6.0.9.Final\hibernate-validator-6.0.9.Final.jar;F:\maven\javax\validation\validation-api\2.0.1.Final\validation-api-2.0.1.Final.jar;F:\maven\org\jboss\logging\jboss-logging\3.3.2.Final\jboss-logging-3.3.2.Final.jar;F:\maven\com\fasterxml\classmate\1.3.4\classmate-1.3.4.jar;F:\maven\org\springframework\spring-web\5.0.5.RELEASE\spring-web-5.0.5.RELEASE.jar;F:\maven\org\springframework\spring-beans\5.0.5.RELEASE\spring-beans-5.0.5.RELEASE.jar;F:\maven\org\springframework\spring-webmvc\5.0.5.RELEASE\spring-webmvc-5.0.5.RELEASE.jar;F:\maven\org\springframework\spring-aop\5.0.5.RELEASE\spring-aop-5.0.5.RELEASE.jar;F:\maven\org\springframework\spring-context\5.0.5.RELEASE\spring-context-5.0.5.RELEASE.jar;F:\maven\org\springframework\spring-expression\5.0.5.RELEASE\spring-expression-5.0.5.RELEASE.jar;"/>
    <property name="sun.cpu.endian" value="little"/>
    <property name="user.home" value="C:\Users\luochao"/>
    <property name="user.language" value="zh"/>
    <property name="java.specification.vendor" value="Oracle Corporation"/>
    <property name="java.home" value="F:\jdk1.8\jre"/>
    <property name="basedir" value="F:\workspace\boxcat\boxcat-core"/>
    <property name="file.separator" value="\"/>
    <property name="line.separator" value="&#10;"/>
    <property name="java.vm.specification.vendor" value="Oracle Corporation"/>
    <property name="java.specification.name" value="Java Platform API Specification"/>
    <property name="java.awt.graphicsenv" value="sun.awt.Win32GraphicsEnvironment"/>
    <property name="surefire.real.class.path" value="C:\Users\luochao\AppData\Local\Temp\surefire1847778741192932670\surefirebooter2577849218009273444.jar"/>
    <property name="sun.boot.class.path" value="F:\jdk1.8\jre\lib\resources.jar;F:\jdk1.8\jre\lib\rt.jar;F:\jdk1.8\jre\lib\sunrsasign.jar;F:\jdk1.8\jre\lib\jsse.jar;F:\jdk1.8\jre\lib\jce.jar;F:\jdk1.8\jre\lib\charsets.jar;F:\jdk1.8\jre\lib\jfr.jar;F:\jdk1.8\jre\classes"/>
    <property name="user.script" value=""/>
    <property name="sun.management.compiler" value="HotSpot 64-Bit Tiered Compilers"/>
    <property name="java.runtime.version" value="1.8.0_172-b11"/>
    <property name="user.name" value="luochao"/>
    <property name="path.separator" value=";"/>
    <property name="os.version" value="6.1"/>
    <property name="java.endorsed.dirs" value="F:\jdk1.8\jre\lib\endorsed"/>
    <property name="java.runtime.name" value="Java(TM) SE Runtime Environment"/>
    <property name="file.encoding" value="GBK"/>
    <property name="java.vm.name" value="Java HotSpot(TM) 64-Bit Server VM"/>
    <property name="localRepository" value="F:\maven"/>
    <property name="java.vendor.url.bug" value="http://bugreport.sun.com/bugreport/"/>
    <property name="java.io.tmpdir" value="C:\Users\luochao\AppData\Local\Temp\"/>
    <property name="java.version" value="1.8.0_172"/>
    <property name="user.dir" value="F:\workspace\boxcat\boxcat-core"/>
    <property name="os.arch" value="amd64"/>
    <property name="java.vm.specification.name" value="Java Virtual Machine Specification"/>
    <property name="java.awt.printerjob" value="sun.awt.windows.WPrinterJob"/>
    <property name="sun.os.patch.level" value="Service Pack 1"/>
    <property name="java.library.path" value="F:\jdk1.8\jre\bin;C:\Windows\Sun\Java\bin;C:\Windows\system32;C:\Windows;F:/jre1.8/bin/server;F:/jre1.8/bin;F:/jre1.8/lib/amd64;C:\Program Files (x86)\Common Files\Oracle\Java\javapath;C:\Windows\system32;C:\Windows;C:\Windows\System32\Wbem;C:\Windows\System32\WindowsPowerShell\v1.0\;C:\program files (x86)\common files\apple\apple application support\;C:\Program Files (x86)\OpenVPN\bin;F:\eclipse;;."/>
    <property name="java.vm.info" value="mixed mode"/>
    <property name="java.vendor" value="Oracle Corporation"/>
    <property name="java.vm.version" value="25.172-b11"/>
    <property name="java.ext.dirs" value="F:\jdk1.8\jre\lib\ext;C:\Windows\Sun\Java\lib\ext"/>
    <property name="sun.io.unicode.encoding" value="UnicodeLittle"/>
    <property name="java.class.version" value="52.0"/>
  </properties>
  <testcase name="testApp" classname="com.boxcat.core.AppTest" time="0.001"/>
</testsuite>